2026-07-02 23:38:15.570 MSK [1144] LOG:  starting PostgreSQL 16.14, compiled by Visual C++ build 1944, 64-bit
2026-07-02 23:38:15.572 MSK [1144] LOG:  listening on IPv6 address "::1", port 5433
2026-07-02 23:38:15.573 MSK [1144] LOG:  listening on IPv4 address "127.0.0.1", port 5433
2026-07-02 23:38:15.614 MSK [5860] LOG:  database system was shut down at 2026-07-02 23:38:06 MSK
2026-07-02 23:38:15.626 MSK [1144] LOG:  database system is ready to accept connections
2026-07-02 23:38:18.720 MSK [16536] FATAL:  role "Ýňî řä áđŕňčę" does not exist
2026-07-02 23:43:15.613 MSK [6524] LOG:  checkpoint starting: time
2026-07-02 23:45:09.820 MSK [6524] LOG:  checkpoint complete: wrote 1037 buffers (6.3%); 0 WAL file(s) added, 0 removed, 0 recycled; write=113.531 s, sync=0.661 s, total=114.208 s; sync files=331, longest=0.009 s, average=0.002 s; distance=4958 kB, estimate=4958 kB; lsn=0/1A45348, redo lsn=0/1A45310
2026-07-02 23:48:15.825 MSK [6524] LOG:  checkpoint starting: time
2026-07-02 23:48:17.074 MSK [6524] LOG:  checkpoint complete: wrote 12 buffers (0.1%); 0 WAL file(s) added, 0 removed, 0 recycled; write=1.212 s, sync=0.023 s, total=1.250 s; sync files=9, longest=0.004 s, average=0.003 s; distance=1 kB, estimate=4462 kB; lsn=0/1A457A0, redo lsn=0/1A45768
2026-07-03 00:08:15.115 MSK [6524] LOG:  checkpoint starting: time
2026-07-03 00:08:15.363 MSK [6524] LOG:  checkpoint complete: wrote 3 buffers (0.0%); 0 WAL file(s) added, 0 removed, 0 recycled; write=0.220 s, sync=0.009 s, total=0.248 s; sync files=3, longest=0.004 s, average=0.003 s; distance=0 kB, estimate=4016 kB; lsn=0/1A459D0, redo lsn=0/1A45998
2026-07-03 00:11:27.128 MSK [1144] LOG:  server process (PID 11784) was terminated by exception 0x40010004
2026-07-03 00:11:27.128 MSK [1144] DETAIL:  Failed process was running: SELECT id FROM api_keys WHERE key_hash = $1 AND is_active = TRUE
2026-07-03 00:11:27.128 MSK [1144] HINT:  See C include file "ntstatus.h" for a description of the hexadecimal value.
2026-07-03 00:11:27.128 MSK [1144] LOG:  terminating any other active server processes
2026-07-03 00:11:27.135 MSK [1144] LOG:  all server processes terminated; reinitializing
2026-07-03 00:11:27.187 MSK [1144] LOG:  shutting down due to startup process failure
2026-07-03 00:11:27.189 MSK [1144] LOG:  database system is shut down
2026-07-03 08:55:29.752 MSK [3928] LOG:  starting PostgreSQL 16.14, compiled by Visual C++ build 1944, 64-bit
2026-07-03 08:55:29.755 MSK [3928] LOG:  listening on IPv6 address "::1", port 5433
2026-07-03 08:55:29.755 MSK [3928] LOG:  listening on IPv4 address "127.0.0.1", port 5433
2026-07-03 08:55:29.800 MSK [9864] LOG:  database system was interrupted; last known up at 2026-07-03 00:08:15 MSK
2026-07-03 08:55:31.379 MSK [9864] LOG:  database system was not properly shut down; automatic recovery in progress
2026-07-03 08:55:31.384 MSK [9864] LOG:  redo starts at 0/1A45998
2026-07-03 08:55:31.386 MSK [9864] LOG:  invalid record length at 0/1A460D8: expected at least 24, got 0
2026-07-03 08:55:31.386 MSK [9864] LOG:  redo done at 0/1A460A0 system usage: CPU: user: 0.00 s, system: 0.00 s, elapsed: 0.00 s
2026-07-03 08:55:31.391 MSK [4972] LOG:  checkpoint starting: end-of-recovery immediate wait
2026-07-03 08:55:31.430 MSK [4972] LOG:  checkpoint complete: wrote 11 buffers (0.1%); 0 WAL file(s) added, 0 removed, 0 recycled; write=0.003 s, sync=0.020 s, total=0.043 s; sync files=7, longest=0.004 s, average=0.003 s; distance=1 kB, estimate=1 kB; lsn=0/1A460D8, redo lsn=0/1A460D8
2026-07-03 08:55:31.444 MSK [3928] LOG:  database system is ready to accept connections
2026-07-03 08:55:33.555 MSK [1408] FATAL:  role "Ýňî řä áđŕňčę" does not exist
2026-07-03 08:56:41.044 MSK [5360] FATAL:  role "Ýňî řä áđŕňčę" does not exist
2026-07-03 09:00:31.441 MSK [4972] LOG:  checkpoint starting: time
2026-07-03 09:00:31.908 MSK [4972] LOG:  checkpoint complete: wrote 5 buffers (0.0%); 0 WAL file(s) added, 0 removed, 0 recycled; write=0.441 s, sync=0.010 s, total=0.467 s; sync files=3, longest=0.004 s, average=0.004 s; distance=0 kB, estimate=1 kB; lsn=0/1A46358, redo lsn=0/1A46320
2026-07-03 09:03:40.810 MSK [7364] LOG:  could not receive data from client: An existing connection was forcibly closed by the remote host.
	
2026-07-03 09:03:40.810 MSK [9952] LOG:  could not receive data from client: An existing connection was forcibly closed by the remote host.
	
2026-07-03 09:05:31.908 MSK [4972] LOG:  checkpoint starting: time
2026-07-03 09:05:32.263 MSK [4972] LOG:  checkpoint complete: wrote 4 buffers (0.0%); 0 WAL file(s) added, 0 removed, 0 recycled; write=0.328 s, sync=0.009 s, total=0.355 s; sync files=4, longest=0.004 s, average=0.003 s; distance=1 kB, estimate=1 kB; lsn=0/1A467A0, redo lsn=0/1A46768
2026-07-03 09:15:31.281 MSK [4972] LOG:  checkpoint starting: time
2026-07-03 09:15:31.643 MSK [4972] LOG:  checkpoint complete: wrote 4 buffers (0.0%); 0 WAL file(s) added, 0 removed, 0 recycled; write=0.337 s, sync=0.012 s, total=0.363 s; sync files=4, longest=0.003 s, average=0.003 s; distance=1 kB, estimate=1 kB; lsn=0/1A46C20, redo lsn=0/1A46BE8
2026-07-03 09:27:56.543 MSK [11676] LOG:  could not receive data from client: An existing connection was forcibly closed by the remote host.
	
2026-07-03 09:27:56.543 MSK [10636] LOG:  could not receive data from client: An existing connection was forcibly closed by the remote host.
	
2026-07-03 09:30:31.675 MSK [4972] LOG:  checkpoint starting: time
2026-07-03 09:30:31.810 MSK [4972] LOG:  checkpoint complete: wrote 2 buffers (0.0%); 0 WAL file(s) added, 0 removed, 0 recycled; write=0.112 s, sync=0.007 s, total=0.135 s; sync files=2, longest=0.004 s, average=0.004 s; distance=0 kB, estimate=1 kB; lsn=0/1A46F30, redo lsn=0/1A46EF8
2026-07-03 09:35:31.823 MSK [4972] LOG:  checkpoint starting: time
2026-07-03 09:35:32.744 MSK [4972] LOG:  checkpoint complete: wrote 9 buffers (0.1%); 0 WAL file(s) added, 0 removed, 0 recycled; write=0.883 s, sync=0.023 s, total=0.922 s; sync files=9, longest=0.005 s, average=0.003 s; distance=2 kB, estimate=2 kB; lsn=0/1A477E0, redo lsn=0/1A477A8
2026-07-03 15:51:52.651 MSK [14608] FATAL:  role "Ýňî řä áđŕňčę" does not exist
2026-07-03 15:55:32.360 MSK [4972] LOG:  checkpoint starting: time
2026-07-03 15:55:37.362 MSK [4972] LOG:  checkpoint complete: wrote 46 buffers (0.3%); 0 WAL file(s) added, 0 removed, 0 recycled; write=4.868 s, sync=0.115 s, total=5.003 s; sync files=47, longest=0.006 s, average=0.003 s; distance=195 kB, estimate=195 kB; lsn=0/1A784C0, redo lsn=0/1A78488
2026-07-03 16:00:32.374 MSK [4972] LOG:  checkpoint starting: time
2026-07-03 16:00:35.407 MSK [4972] LOG:  checkpoint complete: wrote 28 buffers (0.2%); 0 WAL file(s) added, 0 removed, 0 recycled; write=2.969 s, sync=0.049 s, total=3.034 s; sync files=20, longest=0.003 s, average=0.003 s; distance=12 kB, estimate=176 kB; lsn=0/1A7B738, redo lsn=0/1A7B700
